{
  "stats": {
    "suites": 3,
    "tests": 31,
    "passes": 31,
    "pending": 0,
    "failures": 0,
    "start": "2020-06-01T16:54:47.885Z",
    "end": "2020-06-01T16:54:49.826Z",
    "duration": 1941,
    "testsRegistered": 31,
    "passPercent": 100,
    "pendingPercent": 0,
    "other": 0,
    "hasOther": false,
    "skipped": 0,
    "hasSkipped": false
  },
  "results": [
    {
      "uuid": "736ee513-666a-4e5c-bf57-fde86fb15342",
      "title": "",
      "fullFile": "",
      "file": "",
      "beforeHooks": [],
      "afterHooks": [],
      "tests": [],
      "suites": [
        {
          "uuid": "aba136fb-46f9-4c72-9d00-35770b86d467",
          "title": "Testing toberumanAPI Menu Model managing: CHAI + REST",
          "fullFile": "C:\\Users\\Steven\\Documents\\TFM - MIW\\ToberuMan - BackEnd\\toberumanapi\\test\\testMenuRestApi.js",
          "file": "\\test\\testMenuRestApi.js",
          "beforeHooks": [],
          "afterHooks": [],
          "tests": [
            {
              "title": "should return token",
              "fullTitle": "Testing toberumanAPI Menu Model managing: CHAI + REST should return token",
              "timedOut": false,
              "duration": 163,
              "state": "passed",
              "speed": "slow",
              "pass": true,
              "fail": false,
              "pending": false,
              "context": null,
              "code": "chai.request(url)\n    .post(\"/auth\")\n    .send({dni: '8888', password: 'testuser'})\n    .end(function (err,res) {\n        expect(res).to.have.status((httpCodes.codes.OK));\n        expect(res.body).to.have.property('token',res.body.token);\n        token = res.body.token;\n        done();\n    })",
              "err": {},
              "uuid": "ce6f91b8-0747-4b1f-b536-52c0e1696677",
              "parentUUID": "aba136fb-46f9-4c72-9d00-35770b86d467",
              "isHook": false,
              "skipped": false
            },
            {
              "title": "should create a new menu",
              "fullTitle": "Testing toberumanAPI Menu Model managing: CHAI + REST should create a new menu",
              "timedOut": false,
              "duration": 529,
              "state": "passed",
              "speed": "slow",
              "pass": true,
              "fail": false,
              "pending": false,
              "context": null,
              "code": "chai.request(url)\n    .post(\"/menu\")\n    .set('Authorization', token)\n    .send({name: \"menuprueba\",description: \"pruabdesciptmenu\",price:45.2})\n    .end(function (err,res) {\n        expect(res).to.have.status(httpCodes.codes.CREATED);\n        expect(res.body).to.be.a('object');\n        id = res.body._id;\n        done();\n    });",
              "err": {},
              "uuid": "89f025a3-7dcd-4977-a251-0a963a567ed7",
              "parentUUID": "aba136fb-46f9-4c72-9d00-35770b86d467",
              "isHook": false,
              "skipped": false
            },
            {
              "title": "should return an error with the new menu",
              "fullTitle": "Testing toberumanAPI Menu Model managing: CHAI + REST should return an error with the new menu",
              "timedOut": false,
              "duration": 44,
              "state": "passed",
              "speed": "medium",
              "pass": true,
              "fail": false,
              "pending": false,
              "context": null,
              "code": "chai.request(url)\n    .post(\"/menu\")\n    .set('Authorization', token)\n    .send({name: \"ds\",description: 1,price:45.2})\n    .end(function (err,res) {\n        expect(res).to.have.status(httpCodes.codes.CONFLICT);\n        done();\n    });",
              "err": {},
              "uuid": "94466f9d-bd49-407b-9dc9-7e88ae3c2c04",
              "parentUUID": "aba136fb-46f9-4c72-9d00-35770b86d467",
              "isHook": false,
              "skipped": false
            },
            {
              "title": "should return an array of menu",
              "fullTitle": "Testing toberumanAPI Menu Model managing: CHAI + REST should return an array of menu",
              "timedOut": false,
              "duration": 4,
              "state": "passed",
              "speed": "fast",
              "pass": true,
              "fail": false,
              "pending": false,
              "context": null,
              "code": "chai.request(url)\n    .get(\"/menu\")\n    .set('Authorization', token)\n    .end(function(err,res) {\n            expect(res).to.have.status(httpCodes.codes.OK);\n            expect(res.body).to.be.a('array');\n            done();\n        });",
              "err": {},
              "uuid": "ddce7dd6-7045-47ec-a503-e4df3cd37103",
              "parentUUID": "aba136fb-46f9-4c72-9d00-35770b86d467",
              "isHook": false,
              "skipped": false
            },
            {
              "title": "should get an specific menu",
              "fullTitle": "Testing toberumanAPI Menu Model managing: CHAI + REST should get an specific menu",
              "timedOut": false,
              "duration": 3,
              "state": "passed",
              "speed": "fast",
              "pass": true,
              "fail": false,
              "pending": false,
              "context": null,
              "code": "chai.request(url)\n    .get(\"/menu/\"+id)\n    .set('Authorization', token)\n    .end(function (err,res){\n        expect(res).to.have.status(httpCodes.codes.OK);\n        expect(res.body).to.have.property('name','menuprueba');\n        done();\n    });",
              "err": {},
              "uuid": "edf222f8-1120-424d-80ed-99c2d3ef6afd",
              "parentUUID": "aba136fb-46f9-4c72-9d00-35770b86d467",
              "isHook": false,
              "skipped": false
            },
            {
              "title": "should get an specific menu and dont found",
              "fullTitle": "Testing toberumanAPI Menu Model managing: CHAI + REST should get an specific menu and dont found",
              "timedOut": false,
              "duration": 30,
              "state": "passed",
              "speed": "fast",
              "pass": true,
              "fail": false,
              "pending": false,
              "context": null,
              "code": "chai.request(url)\n    .get(\"/menu/5ebd84e9f6dab12345678dfd\")\n    .set('Authorization', token)\n    .end(function (err,res){\n        expect(res).to.have.status(httpCodes.codes.NOTFOUND);\n        done();\n    });",
              "err": {},
              "uuid": "e5670fcf-bfbc-42a2-88b7-ab32eb7c15fa",
              "parentUUID": "aba136fb-46f9-4c72-9d00-35770b86d467",
              "isHook": false,
              "skipped": false
            },
            {
              "title": "should update a menu",
              "fullTitle": "Testing toberumanAPI Menu Model managing: CHAI + REST should update a menu",
              "timedOut": false,
              "duration": 250,
              "state": "passed",
              "speed": "slow",
              "pass": true,
              "fail": false,
              "pending": false,
              "context": null,
              "code": "chai.request(url)\n    .put(\"/menu/\"+id)\n    .set('Authorization', token)\n    .send({name: \"usuariopruebaUPD\",description: \"testedited\",price:45.2,isAviable: false, menuType: 'DRINK'})\n    .end(function(err,res) {\n        expect(res).to.have.status(httpCodes.codes.NOCONTENT);\n        expect(res.body).to.be.empty;\n        done();\n    });",
              "err": {},
              "uuid": "29d11f47-ca2e-433d-9089-c1fe6342b2f0",
              "parentUUID": "aba136fb-46f9-4c72-9d00-35770b86d467",
              "isHook": false,
              "skipped": false
            },
            {
              "title": "should try to update a menu but get error",
              "fullTitle": "Testing toberumanAPI Menu Model managing: CHAI + REST should try to update a menu but get error",
              "timedOut": false,
              "duration": 43,
              "state": "passed",
              "speed": "medium",
              "pass": true,
              "fail": false,
              "pending": false,
              "context": null,
              "code": "chai.request(url)\n    .put(\"/menu/5ebd84e9f6dab12345678dfd\")\n    .set('Authorization', token)\n    .send({name: \"usuariopruebaUPD\",description: \"testedited\",price:45.2,isAviable: false, menuType: 'DRINK'})\n    .end(function(err,res) {\n        expect(res).to.have.status(httpCodes.codes.NOTFOUND);\n        done();\n    });",
              "err": {},
              "uuid": "85680a0b-b9dd-41fe-bfe9-f79c20d7dc76",
              "parentUUID": "aba136fb-46f9-4c72-9d00-35770b86d467",
              "isHook": false,
              "skipped": false
            },
            {
              "title": "should delete a menu",
              "fullTitle": "Testing toberumanAPI Menu Model managing: CHAI + REST should delete a menu",
              "timedOut": false,
              "duration": 24,
              "state": "passed",
              "speed": "fast",
              "pass": true,
              "fail": false,
              "pending": false,
              "context": null,
              "code": "chai.request(url)\n    .delete(\"/menu/\"+id)\n    .set('Authorization', token)\n    .end(function(err,res) {\n        expect(res).to.have.status(httpCodes.codes.OK);\n        done();\n    })",
              "err": {},
              "uuid": "0beb4395-90fe-4a08-b5d6-fff8f12f5c68",
              "parentUUID": "aba136fb-46f9-4c72-9d00-35770b86d467",
              "isHook": false,
              "skipped": false
            },
            {
              "title": "should try to delete a menu but get error",
              "fullTitle": "Testing toberumanAPI Menu Model managing: CHAI + REST should try to delete a menu but get error",
              "timedOut": false,
              "duration": 3,
              "state": "passed",
              "speed": "fast",
              "pass": true,
              "fail": false,
              "pending": false,
              "context": null,
              "code": "chai.request(url)\n    .delete(\"/menu/5ebd84e9f6dab12345678dfd\")\n    .set('Authorization', token)\n    .end(function(err,res) {\n        expect(res).to.have.status(httpCodes.codes.NOTFOUND);\n        done();\n    })",
              "err": {},
              "uuid": "ba9dff79-2b6f-4bed-8c64-da0ff475f3e1",
              "parentUUID": "aba136fb-46f9-4c72-9d00-35770b86d467",
              "isHook": false,
              "skipped": false
            }
          ],
          "suites": [],
          "passes": [
            "ce6f91b8-0747-4b1f-b536-52c0e1696677",
            "89f025a3-7dcd-4977-a251-0a963a567ed7",
            "94466f9d-bd49-407b-9dc9-7e88ae3c2c04",
            "ddce7dd6-7045-47ec-a503-e4df3cd37103",
            "edf222f8-1120-424d-80ed-99c2d3ef6afd",
            "e5670fcf-bfbc-42a2-88b7-ab32eb7c15fa",
            "29d11f47-ca2e-433d-9089-c1fe6342b2f0",
            "85680a0b-b9dd-41fe-bfe9-f79c20d7dc76",
            "0beb4395-90fe-4a08-b5d6-fff8f12f5c68",
            "ba9dff79-2b6f-4bed-8c64-da0ff475f3e1"
          ],
          "failures": [],
          "pending": [],
          "skipped": [],
          "duration": 1093,
          "root": false,
          "rootEmpty": false,
          "_timeout": 2000
        },
        {
          "uuid": "640d6bcf-4c4d-4daa-963d-8bc454a13c2d",
          "title": "Testing toberumanAPI Order Model managing: CHAI + REST",
          "fullFile": "C:\\Users\\Steven\\Documents\\TFM - MIW\\ToberuMan - BackEnd\\toberumanapi\\test\\testOrderRestApi.js",
          "file": "\\test\\testOrderRestApi.js",
          "beforeHooks": [],
          "afterHooks": [],
          "tests": [
            {
              "title": "should return token",
              "fullTitle": "Testing toberumanAPI Order Model managing: CHAI + REST should return token",
              "timedOut": false,
              "duration": 59,
              "state": "passed",
              "speed": "medium",
              "pass": true,
              "fail": false,
              "pending": false,
              "context": null,
              "code": "chai.request(url)\n    .post(\"/auth\")\n    .send({dni: '8888', password: 'testuser'})\n    .end(function (err,res) {\n        expect(res).to.have.status((httpCodes.codes.OK));\n        expect(res.body).to.have.property('token',res.body.token);\n        token = res.body.token;\n        done();\n    })",
              "err": {},
              "uuid": "7432c4df-409d-436f-b16e-710a50ff1d50",
              "parentUUID": "640d6bcf-4c4d-4daa-963d-8bc454a13c2d",
              "isHook": false,
              "skipped": false
            },
            {
              "title": "should create a new table",
              "fullTitle": "Testing toberumanAPI Order Model managing: CHAI + REST should create a new table",
              "timedOut": false,
              "duration": 143,
              "state": "passed",
              "speed": "slow",
              "pass": true,
              "fail": false,
              "pending": false,
              "context": null,
              "code": "chai.request(url)\n    .post(\"/table\")\n    .set('Authorization', token)\n    .send({\n        \"number\": 1,\n        \"capacity\": 4\n    })\n    .end(function (err,res) {\n        expect(res).to.have.status(httpCodes.codes.CREATED);\n        expect(res.body).to.be.a('object');\n        idtable = res.body._id;\n        done();\n    });",
              "err": {},
              "uuid": "b626c6a2-bc78-4e5e-8b77-63559a9bb80f",
              "parentUUID": "640d6bcf-4c4d-4daa-963d-8bc454a13c2d",
              "isHook": false,
              "skipped": false
            },
            {
              "title": "should create a menu",
              "fullTitle": "Testing toberumanAPI Order Model managing: CHAI + REST should create a menu",
              "timedOut": false,
              "duration": 4,
              "state": "passed",
              "speed": "fast",
              "pass": true,
              "fail": false,
              "pending": false,
              "context": null,
              "code": "chai.request(url)\n    .post(\"/menu\")\n    .set('Authorization', token)\n    .send({name: \"menuprueba2\",description: \"pruabdesciptmenu2\",price:45.2})\n    .end(function (err,res) {\n        expect(res).to.have.status(httpCodes.codes.CREATED);\n        expect(res.body).to.be.a('object');\n        idmenu = res.body._id;\n        done();\n    });",
              "err": {},
              "uuid": "8ce039ae-7a87-44a0-ab35-0bade943d77a",
              "parentUUID": "640d6bcf-4c4d-4daa-963d-8bc454a13c2d",
              "isHook": false,
              "skipped": false
            },
            {
              "title": "should create a new order",
              "fullTitle": "Testing toberumanAPI Order Model managing: CHAI + REST should create a new order",
              "timedOut": false,
              "duration": 99,
              "state": "passed",
              "speed": "slow",
              "pass": true,
              "fail": false,
              "pending": false,
              "context": null,
              "code": "chai.request(url)\n    .post(\"/order\")\n    .set('Authorization', token)\n    .send({\n        \"tableid\": idtable,\n        \"orderLines\": [{\"menuid\":idmenu, \"amount\": 2}]\n    })\n    .end(function (err,res) {\n        expect(res).to.have.status(httpCodes.codes.CREATED);\n        expect(res.body).to.be.a('object');\n        idorder = res.body._id;\n        console.log(res.body)\n        done();\n    });",
              "err": {},
              "uuid": "265716d8-8cb2-43df-b48c-c4908589a898",
              "parentUUID": "640d6bcf-4c4d-4daa-963d-8bc454a13c2d",
              "isHook": false,
              "skipped": false
            },
            {
              "title": "should return all orders of db",
              "fullTitle": "Testing toberumanAPI Order Model managing: CHAI + REST should return all orders of db",
              "timedOut": false,
              "duration": 12,
              "state": "passed",
              "speed": "fast",
              "pass": true,
              "fail": false,
              "pending": false,
              "context": null,
              "code": "chai.request(url)\n    .get('/order')\n    .set('Authorization', token)\n    .end(function (err,res){\n        expect(res).to.have.status(httpCodes.codes.OK);\n        expect(res.body).to.be.a('array');\n        done();\n    })",
              "err": {},
              "uuid": "3a5ee9ab-6a05-48ab-b7a0-1e7abbba330f",
              "parentUUID": "640d6bcf-4c4d-4daa-963d-8bc454a13c2d",
              "isHook": false,
              "skipped": false
            },
            {
              "title": "should update an order",
              "fullTitle": "Testing toberumanAPI Order Model managing: CHAI + REST should update an order",
              "timedOut": false,
              "duration": 101,
              "state": "passed",
              "speed": "slow",
              "pass": true,
              "fail": false,
              "pending": false,
              "context": null,
              "code": "chai.request(url)\n    .put('/order/'+idorder)\n    .send({\n        \"tableid\": idtable,\n        \"orderLines\": [{\"menuid\":idmenu, \"amount\": 8}],\n        \"isReady\": true\n    })\n    .set('Authorization', token)\n    .end(function (err,res) {\n        expect(res).to.have.status(httpCodes.codes.NOCONTENT);\n        expect(res.body).to.be.empty;\n        done();\n    })",
              "err": {},
              "uuid": "86a39993-d382-403f-9f42-fffa0e3936f9",
              "parentUUID": "640d6bcf-4c4d-4daa-963d-8bc454a13c2d",
              "isHook": false,
              "skipped": false
            },
            {
              "title": "should try to update a menu but get error",
              "fullTitle": "Testing toberumanAPI Order Model managing: CHAI + REST should try to update a menu but get error",
              "timedOut": false,
              "duration": 25,
              "state": "passed",
              "speed": "fast",
              "pass": true,
              "fail": false,
              "pending": false,
              "context": null,
              "code": "chai.request(url)\n    .put('/order/5ebd84e9f6dab12345678dfd')\n    .send({\n        \"tableid\": idtable,\n        \"orderLines\": [{\"menuid\":idmenu, \"amount\": 8}],\n        \"isReady\": true\n    })\n    .set('Authorization', token)\n    .end(function(err,res) {\n        expect(res).to.have.status(httpCodes.codes.NOTFOUND);\n        done();\n    });",
              "err": {},
              "uuid": "a3a9a29a-38fa-4c5a-bfd4-e75788ac2bed",
              "parentUUID": "640d6bcf-4c4d-4daa-963d-8bc454a13c2d",
              "isHook": false,
              "skipped": false
            },
            {
              "title": "should get an specific order",
              "fullTitle": "Testing toberumanAPI Order Model managing: CHAI + REST should get an specific order",
              "timedOut": false,
              "duration": 4,
              "state": "passed",
              "speed": "fast",
              "pass": true,
              "fail": false,
              "pending": false,
              "context": null,
              "code": "chai.request(url)\n    .get(\"/order/\"+idorder)\n    .set('Authorization', token)\n    .end(function (err,res){\n        expect(res).to.have.status(httpCodes.codes.OK);\n        expect(res.body).to.have.property('isReady',true);\n        done();\n    });",
              "err": {},
              "uuid": "d51c8d2b-bdb3-4be7-abf6-6949007457fe",
              "parentUUID": "640d6bcf-4c4d-4daa-963d-8bc454a13c2d",
              "isHook": false,
              "skipped": false
            },
            {
              "title": "should get an specific order and dont found",
              "fullTitle": "Testing toberumanAPI Order Model managing: CHAI + REST should get an specific order and dont found",
              "timedOut": false,
              "duration": 3,
              "state": "passed",
              "speed": "fast",
              "pass": true,
              "fail": false,
              "pending": false,
              "context": null,
              "code": "chai.request(url)\n    .get(\"/order/5ebd84e9f6dab12345678dfd\")\n    .set('Authorization', token)\n    .end(function (err,res){\n        expect(res).to.have.status(httpCodes.codes.NOTFOUND);\n        done();\n    });",
              "err": {},
              "uuid": "70269bb1-8ad3-4c50-aaee-929440b65602",
              "parentUUID": "640d6bcf-4c4d-4daa-963d-8bc454a13c2d",
              "isHook": false,
              "skipped": false
            },
            {
              "title": "should delete an order",
              "fullTitle": "Testing toberumanAPI Order Model managing: CHAI + REST should delete an order",
              "timedOut": false,
              "duration": 4,
              "state": "passed",
              "speed": "fast",
              "pass": true,
              "fail": false,
              "pending": false,
              "context": null,
              "code": "chai.request(url)\n    .delete(\"/order/\"+idorder)\n    .set('Authorization', token)\n    .end(function(err,res) {\n        expect(res).to.have.status(httpCodes.codes.OK);\n        done();\n    })",
              "err": {},
              "uuid": "d7c090fd-9ee1-40cf-8f4f-8d93496b9ebb",
              "parentUUID": "640d6bcf-4c4d-4daa-963d-8bc454a13c2d",
              "isHook": false,
              "skipped": false
            },
            {
              "title": "should try to delete an order but get error",
              "fullTitle": "Testing toberumanAPI Order Model managing: CHAI + REST should try to delete an order but get error",
              "timedOut": false,
              "duration": 3,
              "state": "passed",
              "speed": "fast",
              "pass": true,
              "fail": false,
              "pending": false,
              "context": null,
              "code": "chai.request(url)\n    .delete(\"/order/5ebd84e9f6dab12345678dfd\")\n    .set('Authorization', token)\n    .end(function(err,res) {\n        expect(res).to.have.status(httpCodes.codes.NOTFOUND);\n        done();\n    })",
              "err": {},
              "uuid": "ba350a40-fd20-4c40-a6d8-29b91685d0a3",
              "parentUUID": "640d6bcf-4c4d-4daa-963d-8bc454a13c2d",
              "isHook": false,
              "skipped": false
            }
          ],
          "suites": [],
          "passes": [
            "7432c4df-409d-436f-b16e-710a50ff1d50",
            "b626c6a2-bc78-4e5e-8b77-63559a9bb80f",
            "8ce039ae-7a87-44a0-ab35-0bade943d77a",
            "265716d8-8cb2-43df-b48c-c4908589a898",
            "3a5ee9ab-6a05-48ab-b7a0-1e7abbba330f",
            "86a39993-d382-403f-9f42-fffa0e3936f9",
            "a3a9a29a-38fa-4c5a-bfd4-e75788ac2bed",
            "d51c8d2b-bdb3-4be7-abf6-6949007457fe",
            "70269bb1-8ad3-4c50-aaee-929440b65602",
            "d7c090fd-9ee1-40cf-8f4f-8d93496b9ebb",
            "ba350a40-fd20-4c40-a6d8-29b91685d0a3"
          ],
          "failures": [],
          "pending": [],
          "skipped": [],
          "duration": 457,
          "root": false,
          "rootEmpty": false,
          "_timeout": 2000
        },
        {
          "uuid": "c4b57926-14d3-45c7-9317-2f39fed0a537",
          "title": "Testing toberumanAPI managing: CHAI + REST",
          "fullFile": "C:\\Users\\Steven\\Documents\\TFM - MIW\\ToberuMan - BackEnd\\toberumanapi\\test\\testUserRestApi.js",
          "file": "\\test\\testUserRestApi.js",
          "beforeHooks": [],
          "afterHooks": [],
          "tests": [
            {
              "title": "should return token",
              "fullTitle": "Testing toberumanAPI managing: CHAI + REST should return token",
              "timedOut": false,
              "duration": 60,
              "state": "passed",
              "speed": "medium",
              "pass": true,
              "fail": false,
              "pending": false,
              "context": null,
              "code": "chai.request(url)\n    .post(\"/auth\")\n    .send({dni: '8888', password: 'testuser'})\n    .end(function (err,res) {\n        expect(res).to.have.status((httpCodes.codes.OK));\n        expect(res.body).to.have.property('token',res.body.token);\n        token = res.body.token;\n        done();\n    })",
              "err": {},
              "uuid": "995ae3df-f264-4a79-9e00-f60a713ea8fa",
              "parentUUID": "c4b57926-14d3-45c7-9317-2f39fed0a537",
              "isHook": false,
              "skipped": false
            },
            {
              "title": "should return error authenticated",
              "fullTitle": "Testing toberumanAPI managing: CHAI + REST should return error authenticated",
              "timedOut": false,
              "duration": 3,
              "state": "passed",
              "speed": "fast",
              "pass": true,
              "fail": false,
              "pending": false,
              "context": null,
              "code": "chai.request(url)\n    .post(\"/auth\")\n    .send({dni: '88fd88', password: 'testdduser'})\n    .end(function (err,res) {\n        expect(res).to.have.status((httpCodes.codes.NOTFOUND));\n        expect(res.body).to.have.property('message',res.body.message);\n        done();\n    })",
              "err": {},
              "uuid": "401424d0-359f-4af1-aa43-8644f26059a0",
              "parentUUID": "c4b57926-14d3-45c7-9317-2f39fed0a537",
              "isHook": false,
              "skipped": false
            },
            {
              "title": "should return an ToberumanApi message",
              "fullTitle": "Testing toberumanAPI managing: CHAI + REST should return an ToberumanApi message",
              "timedOut": false,
              "duration": 76,
              "state": "passed",
              "speed": "slow",
              "pass": true,
              "fail": false,
              "pending": false,
              "context": null,
              "code": "chai.request(url)\n    .get(\"/\")\n    .end(function(err, res){\n        expect(res).to.have.status(httpCodes.codes.OK);\n        expect(res.body).to.have.property('message','Bienvenido a Toberuman API Rest');\n        done();\n    });",
              "err": {},
              "uuid": "8fa8d455-6004-4911-b24a-6850a757916b",
              "parentUUID": "c4b57926-14d3-45c7-9317-2f39fed0a537",
              "isHook": false,
              "skipped": false
            },
            {
              "title": "should return an array of users",
              "fullTitle": "Testing toberumanAPI managing: CHAI + REST should return an array of users",
              "timedOut": false,
              "duration": 16,
              "state": "passed",
              "speed": "fast",
              "pass": true,
              "fail": false,
              "pending": false,
              "context": null,
              "code": "chai.request(url)\n    .get(\"/users\")\n    .end(function (err,res) {\n        expect(res).to.have.status(httpCodes.codes.OK);\n        expect(res.body).to.be.a('array');\n        done();\n    });",
              "err": {},
              "uuid": "f8391e80-6a4d-4991-9abc-612e0057af59",
              "parentUUID": "c4b57926-14d3-45c7-9317-2f39fed0a537",
              "isHook": false,
              "skipped": false
            },
            {
              "title": "should create a new user",
              "fullTitle": "Testing toberumanAPI managing: CHAI + REST should create a new user",
              "timedOut": false,
              "duration": 150,
              "state": "passed",
              "speed": "slow",
              "pass": true,
              "fail": false,
              "pending": false,
              "context": null,
              "code": "chai.request(url)\n    .post(\"/users\")\n    .set('Authorization', token)\n    .send({name: \"usuarioprueba\",email: \"prueba2@prueba.com\",dni:\"0315649866\",password: \"hola12345\"})\n    .end(function (err,res) {\n        expect(res).to.have.status(httpCodes.codes.CREATED);\n        expect(res.body).to.be.a('object');\n        id = res.body._id;\n        done();\n    });",
              "err": {},
              "uuid": "30415932-28c0-4612-b804-087fdd2fb0ff",
              "parentUUID": "c4b57926-14d3-45c7-9317-2f39fed0a537",
              "isHook": false,
              "skipped": false
            },
            {
              "title": "should return a conflict with the new user",
              "fullTitle": "Testing toberumanAPI managing: CHAI + REST should return a conflict with the new user",
              "timedOut": false,
              "duration": 4,
              "state": "passed",
              "speed": "fast",
              "pass": true,
              "fail": false,
              "pending": false,
              "context": null,
              "code": "chai.request(url)\n    .post(\"/users\")\n    .set('Authorization', token)\n    .send({name: \"usuarioprueba\",email: \"prueba2@prueba.com\",dni:\"0315649866\",password: \"hola12345\"})\n    .end(function (err,res) {\n        expect(res).to.have.status(httpCodes.codes.CONFLICT);\n        done();\n    });",
              "err": {},
              "uuid": "ae98010f-069c-4eb5-8a10-edcfac70b049",
              "parentUUID": "c4b57926-14d3-45c7-9317-2f39fed0a537",
              "isHook": false,
              "skipped": false
            },
            {
              "title": "should get an specific user",
              "fullTitle": "Testing toberumanAPI managing: CHAI + REST should get an specific user",
              "timedOut": false,
              "duration": 3,
              "state": "passed",
              "speed": "fast",
              "pass": true,
              "fail": false,
              "pending": false,
              "context": null,
              "code": "chai.request(url)\n    .get(\"/users/\"+id)\n    .set('Authorization', token)\n    .end(function (err,res){\n        expect(res).to.have.status(httpCodes.codes.OK);\n        expect(res.body).to.have.property('name','usuarioprueba');\n        done();\n    });",
              "err": {},
              "uuid": "a63af054-8205-4409-b30e-4d5bb81b7967",
              "parentUUID": "c4b57926-14d3-45c7-9317-2f39fed0a537",
              "isHook": false,
              "skipped": false
            },
            {
              "title": "should get an specific user and dont found",
              "fullTitle": "Testing toberumanAPI managing: CHAI + REST should get an specific user and dont found",
              "timedOut": false,
              "duration": 3,
              "state": "passed",
              "speed": "fast",
              "pass": true,
              "fail": false,
              "pending": false,
              "context": null,
              "code": "chai.request(url)\n    .get(\"/users/5ebd84e9f6dab12345678dfd\")\n    .set('Authorization', token)\n    .end(function (err,res){\n        expect(res).to.have.status(httpCodes.codes.NOTFOUND);\n        done();\n    });",
              "err": {},
              "uuid": "20d76866-62d8-4bbb-8760-0eae248d8ff9",
              "parentUUID": "c4b57926-14d3-45c7-9317-2f39fed0a537",
              "isHook": false,
              "skipped": false
            },
            {
              "title": "should update an user",
              "fullTitle": "Testing toberumanAPI managing: CHAI + REST should update an user",
              "timedOut": false,
              "duration": 44,
              "state": "passed",
              "speed": "medium",
              "pass": true,
              "fail": false,
              "pending": false,
              "context": null,
              "code": "chai.request(url)\n    .put(\"/users/\"+id)\n    .set('Authorization', token)\n    .send({name: \"usuariopruebaUPD\",email: \"prueba2@prueba.com\",dni:\"0315649466\"})\n    .end(function(err,res) {\n        expect(res).to.have.status(httpCodes.codes.NOCONTENT);\n        expect(res.body).to.be.empty;\n        done();\n    });",
              "err": {},
              "uuid": "49389a18-3949-4a2a-b8a2-8bf01b93d42c",
              "parentUUID": "c4b57926-14d3-45c7-9317-2f39fed0a537",
              "isHook": false,
              "skipped": false
            },
            {
              "title": "should delete a user",
              "fullTitle": "Testing toberumanAPI managing: CHAI + REST should delete a user",
              "timedOut": false,
              "duration": 3,
              "state": "passed",
              "speed": "fast",
              "pass": true,
              "fail": false,
              "pending": false,
              "context": null,
              "code": "chai.request(url)\n    .delete(\"/users/\"+id)\n    .set('Authorization', token)\n    .end(function(err,res) {\n        expect(res).to.have.status(httpCodes.codes.OK);\n        done();\n    })",
              "err": {},
              "uuid": "fd582da6-4376-4d42-a683-cc512cbaa3d2",
              "parentUUID": "c4b57926-14d3-45c7-9317-2f39fed0a537",
              "isHook": false,
              "skipped": false
            }
          ],
          "suites": [],
          "passes": [
            "995ae3df-f264-4a79-9e00-f60a713ea8fa",
            "401424d0-359f-4af1-aa43-8644f26059a0",
            "8fa8d455-6004-4911-b24a-6850a757916b",
            "f8391e80-6a4d-4991-9abc-612e0057af59",
            "30415932-28c0-4612-b804-087fdd2fb0ff",
            "ae98010f-069c-4eb5-8a10-edcfac70b049",
            "a63af054-8205-4409-b30e-4d5bb81b7967",
            "20d76866-62d8-4bbb-8760-0eae248d8ff9",
            "49389a18-3949-4a2a-b8a2-8bf01b93d42c",
            "fd582da6-4376-4d42-a683-cc512cbaa3d2"
          ],
          "failures": [],
          "pending": [],
          "skipped": [],
          "duration": 362,
          "root": false,
          "rootEmpty": false,
          "_timeout": 2000
        }
      ],
      "passes": [],
      "failures": [],
      "pending": [],
      "skipped": [],
      "duration": 0,
      "root": true,
      "rootEmpty": true,
      "_timeout": 2000
    }
  ],
  "meta": {
    "mocha": {
      "version": "7.1.2"
    },
    "mochawesome": {
      "options": {
        "quiet": false,
        "reportFilename": "mochawesome",
        "saveHtml": true,
        "saveJson": true,
        "consoleReporter": "spec",
        "useInlineDiffs": false,
        "code": true
      },
      "version": "6.1.1"
    },
    "marge": {
      "options": null,
      "version": "5.1.0"
    }
  }
}