{
  "stats": {
    "suites": 5,
    "tests": 56,
    "passes": 56,
    "pending": 0,
    "failures": 0,
    "start": "2020-06-20T15:30:19.259Z",
    "end": "2020-06-20T15:30:23.633Z",
    "duration": 4374,
    "testsRegistered": 56,
    "passPercent": 100,
    "pendingPercent": 0,
    "other": 0,
    "hasOther": false,
    "skipped": 0,
    "hasSkipped": false
  },
  "results": [
    {
      "uuid": "d28a86c2-59d8-41ac-8bd3-dce261621ec6",
      "title": "",
      "fullFile": "",
      "file": "",
      "beforeHooks": [],
      "afterHooks": [],
      "tests": [],
      "suites": [
        {
          "uuid": "9579284c-9561-4e9f-8773-a6a126725bf2",
          "title": "Testing toberumanAPI invoice model managing: CHAI + REST",
          "fullFile": "C:\\Users\\Steven\\Documents\\TFM - MIW\\ToberuMan - BackEnd\\toberumanapi\\test\\testInvoiceRestApi.js",
          "file": "\\test\\testInvoiceRestApi.js",
          "beforeHooks": [],
          "afterHooks": [],
          "tests": [
            {
              "title": "should return token",
              "fullTitle": "Testing toberumanAPI invoice model managing: CHAI + REST should return token",
              "timedOut": false,
              "duration": 136,
              "state": "passed",
              "speed": "slow",
              "pass": true,
              "fail": false,
              "pending": false,
              "context": null,
              "code": "chai.request(url)\n    .post(\"/auth\")\n    .send({dni: '8888', password: 'testuser'})\n    .end(function (err,res) {\n        expect(res).to.have.status((httpCodes.codes.OK));\n        expect(res.body).to.have.property('token',res.body.token);\n        token = res.body.token;\n        done();\n    })",
              "err": {},
              "uuid": "2bd33133-2987-4991-a273-eae48406301c",
              "parentUUID": "9579284c-9561-4e9f-8773-a6a126725bf2",
              "isHook": false,
              "skipped": false
            },
            {
              "title": "should create a new table",
              "fullTitle": "Testing toberumanAPI invoice model managing: CHAI + REST should create a new table",
              "timedOut": false,
              "duration": 17,
              "state": "passed",
              "speed": "fast",
              "pass": true,
              "fail": false,
              "pending": false,
              "context": null,
              "code": "chai.request(url)\n    .post(\"/table\")\n    .set('Authorization', token)\n    .send({\n        \"number\": 1,\n        \"capacity\": 4\n    })\n    .end(function (err,res) {\n        expect(res).to.have.status(httpCodes.codes.CREATED);\n        expect(res.body).to.be.a('object');\n        idtable = res.body._id;\n        done();\n    });",
              "err": {},
              "uuid": "c741390b-b676-4805-bfca-5587e953c6ec",
              "parentUUID": "9579284c-9561-4e9f-8773-a6a126725bf2",
              "isHook": false,
              "skipped": false
            },
            {
              "title": "should create a menu",
              "fullTitle": "Testing toberumanAPI invoice model managing: CHAI + REST should create a menu",
              "timedOut": false,
              "duration": 10,
              "state": "passed",
              "speed": "fast",
              "pass": true,
              "fail": false,
              "pending": false,
              "context": null,
              "code": "chai.request(url)\n    .post(\"/menu\")\n    .set('Authorization', token)\n    .send({name: \"menuprueba2\",description: \"pruabdesciptmenu2\",price:45.2})\n    .end(function (err,res) {\n        expect(res).to.have.status(httpCodes.codes.CREATED);\n        expect(res.body).to.be.a('object');\n        idmenu = res.body._id;\n        done();\n    });",
              "err": {},
              "uuid": "286f7b49-c632-48dd-b278-14fb13f919e9",
              "parentUUID": "9579284c-9561-4e9f-8773-a6a126725bf2",
              "isHook": false,
              "skipped": false
            },
            {
              "title": "should create a new order",
              "fullTitle": "Testing toberumanAPI invoice model managing: CHAI + REST should create a new order",
              "timedOut": false,
              "duration": 25,
              "state": "passed",
              "speed": "fast",
              "pass": true,
              "fail": false,
              "pending": false,
              "context": null,
              "code": "chai.request(url)\n    .post(\"/order\")\n    .set('Authorization', token)\n    .send({\n        \"tableid\": idtable,\n        \"orderLines\": [{\"menuid\":idmenu, \"amount\": 2}]\n    })\n    .end(function (err,res) {\n        expect(res).to.have.status(httpCodes.codes.CREATED);\n        expect(res.body).to.be.a('object');\n        idorder = res.body._id;\n        console.log(res.body)\n        done();\n    });",
              "err": {},
              "uuid": "c2c63b0b-f342-49f3-a69d-5c1806edab0d",
              "parentUUID": "9579284c-9561-4e9f-8773-a6a126725bf2",
              "isHook": false,
              "skipped": false
            },
            {
              "title": "should create and invoice for the order created previously",
              "fullTitle": "Testing toberumanAPI invoice model managing: CHAI + REST should create and invoice for the order created previously",
              "timedOut": false,
              "duration": 1859,
              "state": "passed",
              "speed": "slow",
              "pass": true,
              "fail": false,
              "pending": false,
              "context": null,
              "code": "chai.request(url)\n    .post('/invoice')\n    .set('Authorization', token)\n    .send({\"idorder\":idorder,\"emailrecipient\":emailto})\n    .end(function (err,res){\n        expect(res).to.have.status(httpCodes.codes.CREATED);\n        expect(res.header).to.have.property('content-type', 'application/pdf');\n        idinvoice = res.header.idinvoice\n        done();\n    })",
              "err": {},
              "uuid": "aab5cd8f-55e2-4fe9-830c-33cdea733987",
              "parentUUID": "9579284c-9561-4e9f-8773-a6a126725bf2",
              "isHook": false,
              "skipped": false
            },
            {
              "title": "should try to create an invoice and get error beacause order dont exist",
              "fullTitle": "Testing toberumanAPI invoice model managing: CHAI + REST should try to create an invoice and get error beacause order dont exist",
              "timedOut": false,
              "duration": 10,
              "state": "passed",
              "speed": "fast",
              "pass": true,
              "fail": false,
              "pending": false,
              "context": null,
              "code": "chai.request(url)\n    .post('/invoice')\n    .send({\"idorder\":idorder,\"emailrecipient\":emailto})\n    .set('Authorization', token)\n    .end(function(err,res) {\n        expect(res).to.have.status(httpCodes.codes.CONFLICT);\n        done();\n    });",
              "err": {},
              "uuid": "dd05dfc0-9763-4248-b0e2-1c8def1aa9b3",
              "parentUUID": "9579284c-9561-4e9f-8773-a6a126725bf2",
              "isHook": false,
              "skipped": false
            },
            {
              "title": "should delete an order",
              "fullTitle": "Testing toberumanAPI invoice model managing: CHAI + REST should delete an order",
              "timedOut": false,
              "duration": 6,
              "state": "passed",
              "speed": "fast",
              "pass": true,
              "fail": false,
              "pending": false,
              "context": null,
              "code": "chai.request(url)\n    .delete(\"/order/\"+idorder)\n    .set('Authorization', token)\n    .end(function(err,res) {\n        expect(res).to.have.status(httpCodes.codes.OK);\n        done();\n    })",
              "err": {},
              "uuid": "98669942-c2ce-41c5-80a2-cd002eaab19e",
              "parentUUID": "9579284c-9561-4e9f-8773-a6a126725bf2",
              "isHook": false,
              "skipped": false
            },
            {
              "title": "should return all invoices of db",
              "fullTitle": "Testing toberumanAPI invoice model managing: CHAI + REST should return all invoices of db",
              "timedOut": false,
              "duration": 11,
              "state": "passed",
              "speed": "fast",
              "pass": true,
              "fail": false,
              "pending": false,
              "context": null,
              "code": "chai.request(url)\n    .get('/invoice')\n    .set('Authorization', token)\n    .end(function (err,res){\n        expect(res).to.have.status(httpCodes.codes.OK);\n        expect(res.body).to.be.a('array');\n        done();\n    })",
              "err": {},
              "uuid": "a50df6f3-7075-4b73-bdf5-7d803457e033",
              "parentUUID": "9579284c-9561-4e9f-8773-a6a126725bf2",
              "isHook": false,
              "skipped": false
            },
            {
              "title": "should return and invoice pdf",
              "fullTitle": "Testing toberumanAPI invoice model managing: CHAI + REST should return and invoice pdf",
              "timedOut": false,
              "duration": 1764,
              "state": "passed",
              "speed": "slow",
              "pass": true,
              "fail": false,
              "pending": false,
              "context": null,
              "code": "chai.request(url)\n    .get('/invoice/' + idinvoice)\n    .set('Authorization', token)\n    .end(function (err,res){\n        expect(res).to.have.status(httpCodes.codes.OK);\n        expect(res.header).to.have.property('content-type', 'application/pdf');\n        done();\n    })",
              "err": {},
              "uuid": "72a80516-27a2-483b-b027-7e177a5f0f41",
              "parentUUID": "9579284c-9561-4e9f-8773-a6a126725bf2",
              "isHook": false,
              "skipped": false
            },
            {
              "title": "should get an specific invoice and dont found",
              "fullTitle": "Testing toberumanAPI invoice model managing: CHAI + REST should get an specific invoice and dont found",
              "timedOut": false,
              "duration": 4,
              "state": "passed",
              "speed": "fast",
              "pass": true,
              "fail": false,
              "pending": false,
              "context": null,
              "code": "chai.request(url)\n    .get(\"/order/5ebd84e9f6dab12345678dfd\")\n    .set('Authorization', token)\n    .end(function (err,res){\n        expect(res).to.have.status(httpCodes.codes.NOTFOUND);\n        done();\n    });",
              "err": {},
              "uuid": "36a97018-4ecd-42f6-a326-bb6835a461c3",
              "parentUUID": "9579284c-9561-4e9f-8773-a6a126725bf2",
              "isHook": false,
              "skipped": false
            },
            {
              "title": "should delete a table",
              "fullTitle": "Testing toberumanAPI invoice model managing: CHAI + REST should delete a table",
              "timedOut": false,
              "duration": 5,
              "state": "passed",
              "speed": "fast",
              "pass": true,
              "fail": false,
              "pending": false,
              "context": null,
              "code": "chai.request(url)\n    .delete(\"/table/\"+idtable)\n    .set('Authorization', token)\n    .end(function(err,res) {\n        expect(res).to.have.status(httpCodes.codes.OK);\n        done();\n    })",
              "err": {},
              "uuid": "235ff781-9e74-40ad-b299-97d7d34d0339",
              "parentUUID": "9579284c-9561-4e9f-8773-a6a126725bf2",
              "isHook": false,
              "skipped": false
            },
            {
              "title": "should delete a menu",
              "fullTitle": "Testing toberumanAPI invoice model managing: CHAI + REST should delete a menu",
              "timedOut": false,
              "duration": 5,
              "state": "passed",
              "speed": "fast",
              "pass": true,
              "fail": false,
              "pending": false,
              "context": null,
              "code": "chai.request(url)\n    .delete(\"/menu/\"+idmenu)\n    .set('Authorization', token)\n    .end(function(err,res) {\n        expect(res).to.have.status(httpCodes.codes.OK);\n        done();\n    })",
              "err": {},
              "uuid": "dbc6cec1-1aa0-429a-8a6d-c8c47acad04e",
              "parentUUID": "9579284c-9561-4e9f-8773-a6a126725bf2",
              "isHook": false,
              "skipped": false
            }
          ],
          "suites": [],
          "passes": [
            "2bd33133-2987-4991-a273-eae48406301c",
            "c741390b-b676-4805-bfca-5587e953c6ec",
            "286f7b49-c632-48dd-b278-14fb13f919e9",
            "c2c63b0b-f342-49f3-a69d-5c1806edab0d",
            "aab5cd8f-55e2-4fe9-830c-33cdea733987",
            "dd05dfc0-9763-4248-b0e2-1c8def1aa9b3",
            "98669942-c2ce-41c5-80a2-cd002eaab19e",
            "a50df6f3-7075-4b73-bdf5-7d803457e033",
            "72a80516-27a2-483b-b027-7e177a5f0f41",
            "36a97018-4ecd-42f6-a326-bb6835a461c3",
            "235ff781-9e74-40ad-b299-97d7d34d0339",
            "dbc6cec1-1aa0-429a-8a6d-c8c47acad04e"
          ],
          "failures": [],
          "pending": [],
          "skipped": [],
          "duration": 3852,
          "root": false,
          "rootEmpty": false,
          "_timeout": 2000
        },
        {
          "uuid": "3ecdc958-9737-4756-b65f-b77becccd8f4",
          "title": "Testing toberumanAPI Menu Model managing: CHAI + REST",
          "fullFile": "C:\\Users\\Steven\\Documents\\TFM - MIW\\ToberuMan - BackEnd\\toberumanapi\\test\\testMenuRestApi.js",
          "file": "\\test\\testMenuRestApi.js",
          "beforeHooks": [],
          "afterHooks": [],
          "tests": [
            {
              "title": "should return token",
              "fullTitle": "Testing toberumanAPI Menu Model managing: CHAI + REST should return token",
              "timedOut": false,
              "duration": 60,
              "state": "passed",
              "speed": "medium",
              "pass": true,
              "fail": false,
              "pending": false,
              "context": null,
              "code": "chai.request(url)\n    .post(\"/auth\")\n    .send({dni: '8888', password: 'testuser'})\n    .end(function (err,res) {\n        expect(res).to.have.status((httpCodes.codes.OK));\n        expect(res.body).to.have.property('token',res.body.token);\n        token = res.body.token;\n        done();\n    })",
              "err": {},
              "uuid": "008a9de2-717b-4dab-a6f1-2daf6e1c39d5",
              "parentUUID": "3ecdc958-9737-4756-b65f-b77becccd8f4",
              "isHook": false,
              "skipped": false
            },
            {
              "title": "should create a new menu",
              "fullTitle": "Testing toberumanAPI Menu Model managing: CHAI + REST should create a new menu",
              "timedOut": false,
              "duration": 5,
              "state": "passed",
              "speed": "fast",
              "pass": true,
              "fail": false,
              "pending": false,
              "context": null,
              "code": "chai.request(url)\n    .post(\"/menu\")\n    .set('Authorization', token)\n    .send({name: \"menuprueba\",description: \"pruabdesciptmenu\",price:45.2})\n    .end(function (err,res) {\n        expect(res).to.have.status(httpCodes.codes.CREATED);\n        expect(res.body).to.be.a('object');\n        id = res.body._id;\n        done();\n    });",
              "err": {},
              "uuid": "811e77bf-6dd8-453a-8400-e0198a7394f6",
              "parentUUID": "3ecdc958-9737-4756-b65f-b77becccd8f4",
              "isHook": false,
              "skipped": false
            },
            {
              "title": "should return an error with the new menu",
              "fullTitle": "Testing toberumanAPI Menu Model managing: CHAI + REST should return an error with the new menu",
              "timedOut": false,
              "duration": 4,
              "state": "passed",
              "speed": "fast",
              "pass": true,
              "fail": false,
              "pending": false,
              "context": null,
              "code": "chai.request(url)\n    .post(\"/menu\")\n    .set('Authorization', token)\n    .send({name: \"ds\",description: 1,price:45.2})\n    .end(function (err,res) {\n        expect(res).to.have.status(httpCodes.codes.CONFLICT);\n        done();\n    });",
              "err": {},
              "uuid": "916dbe66-d9d2-4787-8c2a-18c65c31455c",
              "parentUUID": "3ecdc958-9737-4756-b65f-b77becccd8f4",
              "isHook": false,
              "skipped": false
            },
            {
              "title": "should return an array of menu",
              "fullTitle": "Testing toberumanAPI Menu Model managing: CHAI + REST should return an array of menu",
              "timedOut": false,
              "duration": 4,
              "state": "passed",
              "speed": "fast",
              "pass": true,
              "fail": false,
              "pending": false,
              "context": null,
              "code": "chai.request(url)\n    .get(\"/menu\")\n    .set('Authorization', token)\n    .end(function(err,res) {\n            expect(res).to.have.status(httpCodes.codes.OK);\n            expect(res.body).to.be.a('array');\n            done();\n        });",
              "err": {},
              "uuid": "9a79af30-33b1-4860-964f-5fe517774cc8",
              "parentUUID": "3ecdc958-9737-4756-b65f-b77becccd8f4",
              "isHook": false,
              "skipped": false
            },
            {
              "title": "should get an specific menu",
              "fullTitle": "Testing toberumanAPI Menu Model managing: CHAI + REST should get an specific menu",
              "timedOut": false,
              "duration": 3,
              "state": "passed",
              "speed": "fast",
              "pass": true,
              "fail": false,
              "pending": false,
              "context": null,
              "code": "chai.request(url)\n    .get(\"/menu/\"+id)\n    .set('Authorization', token)\n    .end(function (err,res){\n        expect(res).to.have.status(httpCodes.codes.OK);\n        expect(res.body).to.have.property('name','menuprueba');\n        done();\n    });",
              "err": {},
              "uuid": "de2b9484-04ee-487d-bc7f-8dd09a00305f",
              "parentUUID": "3ecdc958-9737-4756-b65f-b77becccd8f4",
              "isHook": false,
              "skipped": false
            },
            {
              "title": "should get an specific menu and dont found",
              "fullTitle": "Testing toberumanAPI Menu Model managing: CHAI + REST should get an specific menu and dont found",
              "timedOut": false,
              "duration": 3,
              "state": "passed",
              "speed": "fast",
              "pass": true,
              "fail": false,
              "pending": false,
              "context": null,
              "code": "chai.request(url)\n    .get(\"/menu/5ebd84e9f6dab12345678dfd\")\n    .set('Authorization', token)\n    .end(function (err,res){\n        expect(res).to.have.status(httpCodes.codes.NOTFOUND);\n        done();\n    });",
              "err": {},
              "uuid": "02cdc131-ce18-4712-a6d7-3f992853bf15",
              "parentUUID": "3ecdc958-9737-4756-b65f-b77becccd8f4",
              "isHook": false,
              "skipped": false
            },
            {
              "title": "should update a menu",
              "fullTitle": "Testing toberumanAPI Menu Model managing: CHAI + REST should update a menu",
              "timedOut": false,
              "duration": 7,
              "state": "passed",
              "speed": "fast",
              "pass": true,
              "fail": false,
              "pending": false,
              "context": null,
              "code": "chai.request(url)\n    .put(\"/menu/\"+id)\n    .set('Authorization', token)\n    .send({name: \"usuariopruebaUPD\",description: \"testedited\",price:45.2,isAviable: false, menuType: 'DRINK'})\n    .end(function(err,res) {\n        expect(res).to.have.status(httpCodes.codes.NOCONTENT);\n        expect(res.body).to.be.empty;\n        done();\n    });",
              "err": {},
              "uuid": "84718cc0-c3ad-47f2-abdd-aa25aa2abb0d",
              "parentUUID": "3ecdc958-9737-4756-b65f-b77becccd8f4",
              "isHook": false,
              "skipped": false
            },
            {
              "title": "should try to update a menu but get error",
              "fullTitle": "Testing toberumanAPI Menu Model managing: CHAI + REST should try to update a menu but get error",
              "timedOut": false,
              "duration": 5,
              "state": "passed",
              "speed": "fast",
              "pass": true,
              "fail": false,
              "pending": false,
              "context": null,
              "code": "chai.request(url)\n    .put(\"/menu/5ebd84e9f6dab12345678dfd\")\n    .set('Authorization', token)\n    .send({name: \"usuariopruebaUPD\",description: \"testedited\",price:45.2,isAviable: false, menuType: 'DRINK'})\n    .end(function(err,res) {\n        expect(res).to.have.status(httpCodes.codes.NOTFOUND);\n        done();\n    });",
              "err": {},
              "uuid": "dd0252ae-66c7-4281-87cf-b17a4e8fd7e8",
              "parentUUID": "3ecdc958-9737-4756-b65f-b77becccd8f4",
              "isHook": false,
              "skipped": false
            },
            {
              "title": "should delete a menu",
              "fullTitle": "Testing toberumanAPI Menu Model managing: CHAI + REST should delete a menu",
              "timedOut": false,
              "duration": 3,
              "state": "passed",
              "speed": "fast",
              "pass": true,
              "fail": false,
              "pending": false,
              "context": null,
              "code": "chai.request(url)\n    .delete(\"/menu/\"+id)\n    .set('Authorization', token)\n    .end(function(err,res) {\n        expect(res).to.have.status(httpCodes.codes.OK);\n        done();\n    })",
              "err": {},
              "uuid": "9b431765-6110-4a96-9c97-6b84ea4a1054",
              "parentUUID": "3ecdc958-9737-4756-b65f-b77becccd8f4",
              "isHook": false,
              "skipped": false
            },
            {
              "title": "should try to delete a menu but get error",
              "fullTitle": "Testing toberumanAPI Menu Model managing: CHAI + REST should try to delete a menu but get error",
              "timedOut": false,
              "duration": 3,
              "state": "passed",
              "speed": "fast",
              "pass": true,
              "fail": false,
              "pending": false,
              "context": null,
              "code": "chai.request(url)\n    .delete(\"/menu/5ebd84e9f6dab12345678dfd\")\n    .set('Authorization', token)\n    .end(function(err,res) {\n        expect(res).to.have.status(httpCodes.codes.NOTFOUND);\n        done();\n    })",
              "err": {},
              "uuid": "3438b5f8-3084-43c8-8976-fdb27ebb7c07",
              "parentUUID": "3ecdc958-9737-4756-b65f-b77becccd8f4",
              "isHook": false,
              "skipped": false
            }
          ],
          "suites": [],
          "passes": [
            "008a9de2-717b-4dab-a6f1-2daf6e1c39d5",
            "811e77bf-6dd8-453a-8400-e0198a7394f6",
            "916dbe66-d9d2-4787-8c2a-18c65c31455c",
            "9a79af30-33b1-4860-964f-5fe517774cc8",
            "de2b9484-04ee-487d-bc7f-8dd09a00305f",
            "02cdc131-ce18-4712-a6d7-3f992853bf15",
            "84718cc0-c3ad-47f2-abdd-aa25aa2abb0d",
            "dd0252ae-66c7-4281-87cf-b17a4e8fd7e8",
            "9b431765-6110-4a96-9c97-6b84ea4a1054",
            "3438b5f8-3084-43c8-8976-fdb27ebb7c07"
          ],
          "failures": [],
          "pending": [],
          "skipped": [],
          "duration": 97,
          "root": false,
          "rootEmpty": false,
          "_timeout": 2000
        },
        {
          "uuid": "706f98e6-7729-486d-ab42-f615119e858b",
          "title": "Testing toberumanAPI Order Model managing: CHAI + REST",
          "fullFile": "C:\\Users\\Steven\\Documents\\TFM - MIW\\ToberuMan - BackEnd\\toberumanapi\\test\\testOrderRestApi.js",
          "file": "\\test\\testOrderRestApi.js",
          "beforeHooks": [],
          "afterHooks": [],
          "tests": [
            {
              "title": "should return token",
              "fullTitle": "Testing toberumanAPI Order Model managing: CHAI + REST should return token",
              "timedOut": false,
              "duration": 61,
              "state": "passed",
              "speed": "medium",
              "pass": true,
              "fail": false,
              "pending": false,
              "context": null,
              "code": "chai.request(url)\n    .post(\"/auth\")\n    .send({dni: '8888', password: 'testuser'})\n    .end(function (err,res) {\n        expect(res).to.have.status((httpCodes.codes.OK));\n        expect(res.body).to.have.property('token',res.body.token);\n        token = res.body.token;\n        done();\n    })",
              "err": {},
              "uuid": "1afee516-f918-4e9a-892b-8367660b02a3",
              "parentUUID": "706f98e6-7729-486d-ab42-f615119e858b",
              "isHook": false,
              "skipped": false
            },
            {
              "title": "should create a new table",
              "fullTitle": "Testing toberumanAPI Order Model managing: CHAI + REST should create a new table",
              "timedOut": false,
              "duration": 5,
              "state": "passed",
              "speed": "fast",
              "pass": true,
              "fail": false,
              "pending": false,
              "context": null,
              "code": "chai.request(url)\n    .post(\"/table\")\n    .set('Authorization', token)\n    .send({\n        \"number\": 1,\n        \"capacity\": 4\n    })\n    .end(function (err,res) {\n        expect(res).to.have.status(httpCodes.codes.CREATED);\n        expect(res.body).to.be.a('object');\n        idtable = res.body._id;\n        done();\n    });",
              "err": {},
              "uuid": "662df1ee-4bd6-4d81-984d-36643a5cde6e",
              "parentUUID": "706f98e6-7729-486d-ab42-f615119e858b",
              "isHook": false,
              "skipped": false
            },
            {
              "title": "should create a menu",
              "fullTitle": "Testing toberumanAPI Order Model managing: CHAI + REST should create a menu",
              "timedOut": false,
              "duration": 4,
              "state": "passed",
              "speed": "fast",
              "pass": true,
              "fail": false,
              "pending": false,
              "context": null,
              "code": "chai.request(url)\n    .post(\"/menu\")\n    .set('Authorization', token)\n    .send({name: \"menuprueba2\",description: \"pruabdesciptmenu2\",price:45.2})\n    .end(function (err,res) {\n        expect(res).to.have.status(httpCodes.codes.CREATED);\n        expect(res.body).to.be.a('object');\n        idmenu = res.body._id;\n        done();\n    });",
              "err": {},
              "uuid": "6db8f328-9a60-4749-b0db-3e206620e33a",
              "parentUUID": "706f98e6-7729-486d-ab42-f615119e858b",
              "isHook": false,
              "skipped": false
            },
            {
              "title": "should create a new order",
              "fullTitle": "Testing toberumanAPI Order Model managing: CHAI + REST should create a new order",
              "timedOut": false,
              "duration": 10,
              "state": "passed",
              "speed": "fast",
              "pass": true,
              "fail": false,
              "pending": false,
              "context": null,
              "code": "chai.request(url)\n    .post(\"/order\")\n    .set('Authorization', token)\n    .send({\n        \"tableid\": idtable,\n        \"orderLines\": [{\"menuid\":idmenu, \"amount\": 2}]\n    })\n    .end(function (err,res) {\n        expect(res).to.have.status(httpCodes.codes.CREATED);\n        expect(res.body).to.be.a('object');\n        idorder = res.body._id;\n        console.log(res.body)\n        done();\n    });",
              "err": {},
              "uuid": "42d94a86-b85c-4d8d-8f40-2fd47c138395",
              "parentUUID": "706f98e6-7729-486d-ab42-f615119e858b",
              "isHook": false,
              "skipped": false
            },
            {
              "title": "should return all orders of db",
              "fullTitle": "Testing toberumanAPI Order Model managing: CHAI + REST should return all orders of db",
              "timedOut": false,
              "duration": 4,
              "state": "passed",
              "speed": "fast",
              "pass": true,
              "fail": false,
              "pending": false,
              "context": null,
              "code": "chai.request(url)\n    .get('/order')\n    .set('Authorization', token)\n    .end(function (err,res){\n        expect(res).to.have.status(httpCodes.codes.OK);\n        expect(res.body).to.be.a('array');\n        done();\n    })",
              "err": {},
              "uuid": "29a13973-3088-4a1a-900f-cbe84fe460ad",
              "parentUUID": "706f98e6-7729-486d-ab42-f615119e858b",
              "isHook": false,
              "skipped": false
            },
            {
              "title": "should update an order",
              "fullTitle": "Testing toberumanAPI Order Model managing: CHAI + REST should update an order",
              "timedOut": false,
              "duration": 8,
              "state": "passed",
              "speed": "fast",
              "pass": true,
              "fail": false,
              "pending": false,
              "context": null,
              "code": "chai.request(url)\n    .put('/order/'+idorder)\n    .send({\n        \"tableid\": idtable,\n        \"orderLines\": [{\"menuid\":idmenu, \"amount\": 8}],\n        \"isReady\": true\n    })\n    .set('Authorization', token)\n    .end(function (err,res) {\n        expect(res).to.have.status(httpCodes.codes.NOCONTENT);\n        expect(res.body).to.be.empty;\n        done();\n    })",
              "err": {},
              "uuid": "46a8039f-a631-449e-8f81-1b7674d373d7",
              "parentUUID": "706f98e6-7729-486d-ab42-f615119e858b",
              "isHook": false,
              "skipped": false
            },
            {
              "title": "should try to update a menu but get error",
              "fullTitle": "Testing toberumanAPI Order Model managing: CHAI + REST should try to update a menu but get error",
              "timedOut": false,
              "duration": 8,
              "state": "passed",
              "speed": "fast",
              "pass": true,
              "fail": false,
              "pending": false,
              "context": null,
              "code": "chai.request(url)\n    .put('/order/5ebd84e9f6dab12345678dfd')\n    .send({\n        \"tableid\": idtable,\n        \"orderLines\": [{\"menuid\":idmenu, \"amount\": 8}],\n        \"isReady\": true\n    })\n    .set('Authorization', token)\n    .end(function(err,res) {\n        expect(res).to.have.status(httpCodes.codes.NOTFOUND);\n        done();\n    });",
              "err": {},
              "uuid": "3f829f74-fc10-4886-a444-37d448b2ba9e",
              "parentUUID": "706f98e6-7729-486d-ab42-f615119e858b",
              "isHook": false,
              "skipped": false
            },
            {
              "title": "should get an specific order",
              "fullTitle": "Testing toberumanAPI Order Model managing: CHAI + REST should get an specific order",
              "timedOut": false,
              "duration": 4,
              "state": "passed",
              "speed": "fast",
              "pass": true,
              "fail": false,
              "pending": false,
              "context": null,
              "code": "chai.request(url)\n    .get(\"/order/\"+idorder)\n    .set('Authorization', token)\n    .end(function (err,res){\n        expect(res).to.have.status(httpCodes.codes.OK);\n        expect(res.body).to.have.property('isReady',true);\n        done();\n    });",
              "err": {},
              "uuid": "d4537396-a599-4f58-85e0-9cfcf1a7e86a",
              "parentUUID": "706f98e6-7729-486d-ab42-f615119e858b",
              "isHook": false,
              "skipped": false
            },
            {
              "title": "should get an specific order and dont found",
              "fullTitle": "Testing toberumanAPI Order Model managing: CHAI + REST should get an specific order and dont found",
              "timedOut": false,
              "duration": 3,
              "state": "passed",
              "speed": "fast",
              "pass": true,
              "fail": false,
              "pending": false,
              "context": null,
              "code": "chai.request(url)\n    .get(\"/order/5ebd84e9f6dab12345678dfd\")\n    .set('Authorization', token)\n    .end(function (err,res){\n        expect(res).to.have.status(httpCodes.codes.NOTFOUND);\n        done();\n    });",
              "err": {},
              "uuid": "03323aaf-db07-4ce4-a256-9ce803212c5d",
              "parentUUID": "706f98e6-7729-486d-ab42-f615119e858b",
              "isHook": false,
              "skipped": false
            },
            {
              "title": "should delete an order",
              "fullTitle": "Testing toberumanAPI Order Model managing: CHAI + REST should delete an order",
              "timedOut": false,
              "duration": 4,
              "state": "passed",
              "speed": "fast",
              "pass": true,
              "fail": false,
              "pending": false,
              "context": null,
              "code": "chai.request(url)\n    .delete(\"/order/\"+idorder)\n    .set('Authorization', token)\n    .end(function(err,res) {\n        expect(res).to.have.status(httpCodes.codes.OK);\n        done();\n    })",
              "err": {},
              "uuid": "a028a752-e62e-4b00-b05e-7a773d8a80e3",
              "parentUUID": "706f98e6-7729-486d-ab42-f615119e858b",
              "isHook": false,
              "skipped": false
            },
            {
              "title": "should try to delete an order but get error",
              "fullTitle": "Testing toberumanAPI Order Model managing: CHAI + REST should try to delete an order but get error",
              "timedOut": false,
              "duration": 4,
              "state": "passed",
              "speed": "fast",
              "pass": true,
              "fail": false,
              "pending": false,
              "context": null,
              "code": "chai.request(url)\n    .delete(\"/order/5ebd84e9f6dab12345678dfd\")\n    .set('Authorization', token)\n    .end(function(err,res) {\n        expect(res).to.have.status(httpCodes.codes.NOTFOUND);\n        done();\n    })",
              "err": {},
              "uuid": "ac7dc7fd-0932-4860-b5c9-45795aba6cbd",
              "parentUUID": "706f98e6-7729-486d-ab42-f615119e858b",
              "isHook": false,
              "skipped": false
            },
            {
              "title": "should return orders for today for cousine of db",
              "fullTitle": "Testing toberumanAPI Order Model managing: CHAI + REST should return orders for today for cousine of db",
              "timedOut": false,
              "duration": 5,
              "state": "passed",
              "speed": "fast",
              "pass": true,
              "fail": false,
              "pending": false,
              "context": null,
              "code": "chai.request(url)\n    .get('/order/cousine/all')\n    .set('Authorization', token)\n    .end(function (err,res){\n        expect(res).to.have.status(httpCodes.codes.OK);\n        expect(res.body).to.be.a('array');\n        done();\n    })",
              "err": {},
              "uuid": "e00249b7-32ac-4725-87e8-68f54c8e4445",
              "parentUUID": "706f98e6-7729-486d-ab42-f615119e858b",
              "isHook": false,
              "skipped": false
            },
            {
              "title": "should delete a table",
              "fullTitle": "Testing toberumanAPI Order Model managing: CHAI + REST should delete a table",
              "timedOut": false,
              "duration": 4,
              "state": "passed",
              "speed": "fast",
              "pass": true,
              "fail": false,
              "pending": false,
              "context": null,
              "code": "chai.request(url)\n    .delete(\"/table/\"+idtable)\n    .set('Authorization', token)\n    .end(function(err,res) {\n        expect(res).to.have.status(httpCodes.codes.OK);\n        done();\n    })",
              "err": {},
              "uuid": "1c72b7d1-4ca0-431b-9017-b1a54b366a7a",
              "parentUUID": "706f98e6-7729-486d-ab42-f615119e858b",
              "isHook": false,
              "skipped": false
            },
            {
              "title": "should delete a menu",
              "fullTitle": "Testing toberumanAPI Order Model managing: CHAI + REST should delete a menu",
              "timedOut": false,
              "duration": 4,
              "state": "passed",
              "speed": "fast",
              "pass": true,
              "fail": false,
              "pending": false,
              "context": null,
              "code": "chai.request(url)\n    .delete(\"/menu/\"+idmenu)\n    .set('Authorization', token)\n    .end(function(err,res) {\n        expect(res).to.have.status(httpCodes.codes.OK);\n        done();\n    })",
              "err": {},
              "uuid": "8a134638-4173-4cc7-a521-2cf3f1ea91c7",
              "parentUUID": "706f98e6-7729-486d-ab42-f615119e858b",
              "isHook": false,
              "skipped": false
            }
          ],
          "suites": [],
          "passes": [
            "1afee516-f918-4e9a-892b-8367660b02a3",
            "662df1ee-4bd6-4d81-984d-36643a5cde6e",
            "6db8f328-9a60-4749-b0db-3e206620e33a",
            "42d94a86-b85c-4d8d-8f40-2fd47c138395",
            "29a13973-3088-4a1a-900f-cbe84fe460ad",
            "46a8039f-a631-449e-8f81-1b7674d373d7",
            "3f829f74-fc10-4886-a444-37d448b2ba9e",
            "d4537396-a599-4f58-85e0-9cfcf1a7e86a",
            "03323aaf-db07-4ce4-a256-9ce803212c5d",
            "a028a752-e62e-4b00-b05e-7a773d8a80e3",
            "ac7dc7fd-0932-4860-b5c9-45795aba6cbd",
            "e00249b7-32ac-4725-87e8-68f54c8e4445",
            "1c72b7d1-4ca0-431b-9017-b1a54b366a7a",
            "8a134638-4173-4cc7-a521-2cf3f1ea91c7"
          ],
          "failures": [],
          "pending": [],
          "skipped": [],
          "duration": 128,
          "root": false,
          "rootEmpty": false,
          "_timeout": 2000
        },
        {
          "uuid": "2fc7ed4f-82f8-431f-a98c-a1e3e2f9183b",
          "title": "Testing toberumanAPI Table Model managing: CHAI + REST",
          "fullFile": "C:\\Users\\Steven\\Documents\\TFM - MIW\\ToberuMan - BackEnd\\toberumanapi\\test\\testTableRestApi.js",
          "file": "\\test\\testTableRestApi.js",
          "beforeHooks": [],
          "afterHooks": [],
          "tests": [
            {
              "title": "should return token",
              "fullTitle": "Testing toberumanAPI Table Model managing: CHAI + REST should return token",
              "timedOut": false,
              "duration": 60,
              "state": "passed",
              "speed": "medium",
              "pass": true,
              "fail": false,
              "pending": false,
              "context": null,
              "code": "chai.request(url)\n    .post(\"/auth\")\n    .send({dni: '8888', password: 'testuser'})\n    .end(function (err,res) {\n        expect(res).to.have.status((httpCodes.codes.OK));\n        expect(res.body).to.have.property('token',res.body.token);\n        token = res.body.token;\n        done();\n    })",
              "err": {},
              "uuid": "7ce565b0-817b-449e-9a4e-a26aa9efa78b",
              "parentUUID": "2fc7ed4f-82f8-431f-a98c-a1e3e2f9183b",
              "isHook": false,
              "skipped": false
            },
            {
              "title": "should create a new table",
              "fullTitle": "Testing toberumanAPI Table Model managing: CHAI + REST should create a new table",
              "timedOut": false,
              "duration": 4,
              "state": "passed",
              "speed": "fast",
              "pass": true,
              "fail": false,
              "pending": false,
              "context": null,
              "code": "chai.request(url)\n    .post(\"/table\")\n    .set('Authorization', token)\n    .send({\n        \"number\": 1,\n        \"capacity\": 4\n    })\n    .end(function (err,res) {\n        expect(res).to.have.status(httpCodes.codes.CREATED);\n        expect(res.body).to.be.a('object');\n        idtable = res.body._id;\n        done();\n    });",
              "err": {},
              "uuid": "260925f3-1386-4599-b0f5-2610ad7876bd",
              "parentUUID": "2fc7ed4f-82f8-431f-a98c-a1e3e2f9183b",
              "isHook": false,
              "skipped": false
            },
            {
              "title": "should create a new table and get errors",
              "fullTitle": "Testing toberumanAPI Table Model managing: CHAI + REST should create a new table and get errors",
              "timedOut": false,
              "duration": 3,
              "state": "passed",
              "speed": "fast",
              "pass": true,
              "fail": false,
              "pending": false,
              "context": null,
              "code": "chai.request(url)\n    .post(\"/table\")\n    .set('Authorization', token)\n    .send({\n        \"number\": 'sdfsdfds',\n        \"capacity\": 4\n    })\n    .end(function (err,res) {\n        expect(res).to.have.status(httpCodes.codes.CONFLICT);\n        done();\n    });",
              "err": {},
              "uuid": "eee5fed4-311f-4078-99cd-787d9a16977e",
              "parentUUID": "2fc7ed4f-82f8-431f-a98c-a1e3e2f9183b",
              "isHook": false,
              "skipped": false
            },
            {
              "title": "should return an array of tables",
              "fullTitle": "Testing toberumanAPI Table Model managing: CHAI + REST should return an array of tables",
              "timedOut": false,
              "duration": 4,
              "state": "passed",
              "speed": "fast",
              "pass": true,
              "fail": false,
              "pending": false,
              "context": null,
              "code": "chai.request(url)\n    .get(\"/table\")\n    .set('Authorization', token)\n    .end(function(err,res) {\n        expect(res).to.have.status(httpCodes.codes.OK);\n        expect(res.body).to.be.a('array');\n        done();\n    });",
              "err": {},
              "uuid": "1380fca7-2fa5-490b-b6c5-7567bd7a00bc",
              "parentUUID": "2fc7ed4f-82f8-431f-a98c-a1e3e2f9183b",
              "isHook": false,
              "skipped": false
            },
            {
              "title": "should get a specific table",
              "fullTitle": "Testing toberumanAPI Table Model managing: CHAI + REST should get a specific table",
              "timedOut": false,
              "duration": 4,
              "state": "passed",
              "speed": "fast",
              "pass": true,
              "fail": false,
              "pending": false,
              "context": null,
              "code": "chai.request(url)\n    .get(\"/table/\"+idtable)\n    .set('Authorization', token)\n    .end(function (err,res){\n        expect(res).to.have.status(httpCodes.codes.OK);\n        expect(res.body).to.have.property('capacity',4);\n        done();\n    });",
              "err": {},
              "uuid": "988a6b99-f778-4485-8eee-fdef23c8e6ab",
              "parentUUID": "2fc7ed4f-82f8-431f-a98c-a1e3e2f9183b",
              "isHook": false,
              "skipped": false
            },
            {
              "title": "should get an specific table and dont found",
              "fullTitle": "Testing toberumanAPI Table Model managing: CHAI + REST should get an specific table and dont found",
              "timedOut": false,
              "duration": 4,
              "state": "passed",
              "speed": "fast",
              "pass": true,
              "fail": false,
              "pending": false,
              "context": null,
              "code": "chai.request(url)\n    .get(\"/table/5ebd84e9f6dab12345678dfd\")\n    .set('Authorization', token)\n    .end(function (err,res){\n        expect(res).to.have.status(httpCodes.codes.NOTFOUND);\n        done();\n    });",
              "err": {},
              "uuid": "e6c1b1c3-8322-4c42-aac7-b5cf94405703",
              "parentUUID": "2fc7ed4f-82f8-431f-a98c-a1e3e2f9183b",
              "isHook": false,
              "skipped": false
            },
            {
              "title": "should update a table",
              "fullTitle": "Testing toberumanAPI Table Model managing: CHAI + REST should update a table",
              "timedOut": false,
              "duration": 5,
              "state": "passed",
              "speed": "fast",
              "pass": true,
              "fail": false,
              "pending": false,
              "context": null,
              "code": "chai.request(url)\n    .put(\"/table/\"+idtable)\n    .set('Authorization', token)\n    .send({number: 4,capacity: 5,isTaken: false,isReserved: false, reservationDate: Date.now()})\n    .end(function(err,res) {\n        expect(res).to.have.status(httpCodes.codes.NOCONTENT);\n        expect(res.body).to.be.empty;\n        done();\n    });",
              "err": {},
              "uuid": "49d2b97e-19e6-43b6-a5eb-dec835dcd002",
              "parentUUID": "2fc7ed4f-82f8-431f-a98c-a1e3e2f9183b",
              "isHook": false,
              "skipped": false
            },
            {
              "title": "should try to update a table but get error",
              "fullTitle": "Testing toberumanAPI Table Model managing: CHAI + REST should try to update a table but get error",
              "timedOut": false,
              "duration": 4,
              "state": "passed",
              "speed": "fast",
              "pass": true,
              "fail": false,
              "pending": false,
              "context": null,
              "code": "chai.request(url)\n    .put(\"/table/5ebd84e9f6dab12345678dfd\")\n    .set('Authorization', token)\n    .send({number: 4,capacity: 5,isTaken: false,isReserved: false, reservationDate: Date.now()})\n    .end(function(err,res) {\n        expect(res).to.have.status(httpCodes.codes.NOTFOUND);\n        done();\n    });",
              "err": {},
              "uuid": "984d9ca9-24e8-4d29-b20d-f6a3fbc33aed",
              "parentUUID": "2fc7ed4f-82f8-431f-a98c-a1e3e2f9183b",
              "isHook": false,
              "skipped": false
            },
            {
              "title": "should delete a table",
              "fullTitle": "Testing toberumanAPI Table Model managing: CHAI + REST should delete a table",
              "timedOut": false,
              "duration": 6,
              "state": "passed",
              "speed": "fast",
              "pass": true,
              "fail": false,
              "pending": false,
              "context": null,
              "code": "chai.request(url)\n    .delete(\"/table/\"+idtable)\n    .set('Authorization', token)\n    .end(function(err,res) {\n        expect(res).to.have.status(httpCodes.codes.OK);\n        done();\n    })",
              "err": {},
              "uuid": "daa86ed2-db20-46b3-8df7-86f4ad228d60",
              "parentUUID": "2fc7ed4f-82f8-431f-a98c-a1e3e2f9183b",
              "isHook": false,
              "skipped": false
            },
            {
              "title": "should try to delete a table but get error",
              "fullTitle": "Testing toberumanAPI Table Model managing: CHAI + REST should try to delete a table but get error",
              "timedOut": false,
              "duration": 4,
              "state": "passed",
              "speed": "fast",
              "pass": true,
              "fail": false,
              "pending": false,
              "context": null,
              "code": "chai.request(url)\n    .delete(\"/table/5ebd84e9f6dab12345678dfd\")\n    .set('Authorization', token)\n    .end(function(err,res) {\n        expect(res).to.have.status(httpCodes.codes.NOTFOUND);\n        done();\n    })",
              "err": {},
              "uuid": "9148a1b0-491a-4074-aeaf-e155e42c0db9",
              "parentUUID": "2fc7ed4f-82f8-431f-a98c-a1e3e2f9183b",
              "isHook": false,
              "skipped": false
            }
          ],
          "suites": [],
          "passes": [
            "7ce565b0-817b-449e-9a4e-a26aa9efa78b",
            "260925f3-1386-4599-b0f5-2610ad7876bd",
            "eee5fed4-311f-4078-99cd-787d9a16977e",
            "1380fca7-2fa5-490b-b6c5-7567bd7a00bc",
            "988a6b99-f778-4485-8eee-fdef23c8e6ab",
            "e6c1b1c3-8322-4c42-aac7-b5cf94405703",
            "49d2b97e-19e6-43b6-a5eb-dec835dcd002",
            "984d9ca9-24e8-4d29-b20d-f6a3fbc33aed",
            "daa86ed2-db20-46b3-8df7-86f4ad228d60",
            "9148a1b0-491a-4074-aeaf-e155e42c0db9"
          ],
          "failures": [],
          "pending": [],
          "skipped": [],
          "duration": 98,
          "root": false,
          "rootEmpty": false,
          "_timeout": 2000
        },
        {
          "uuid": "9e8ebd33-fcb4-4d7a-93f2-204ba3d63565",
          "title": "Testing toberumanAPI managing: CHAI + REST",
          "fullFile": "C:\\Users\\Steven\\Documents\\TFM - MIW\\ToberuMan - BackEnd\\toberumanapi\\test\\testUserRestApi.js",
          "file": "\\test\\testUserRestApi.js",
          "beforeHooks": [],
          "afterHooks": [],
          "tests": [
            {
              "title": "should return token",
              "fullTitle": "Testing toberumanAPI managing: CHAI + REST should return token",
              "timedOut": false,
              "duration": 63,
              "state": "passed",
              "speed": "medium",
              "pass": true,
              "fail": false,
              "pending": false,
              "context": null,
              "code": "chai.request(url)\n    .post(\"/auth\")\n    .send({dni: '8888', password: 'testuser'})\n    .end(function (err,res) {\n        expect(res).to.have.status((httpCodes.codes.OK));\n        expect(res.body).to.have.property('token',res.body.token);\n        token = res.body.token;\n        done();\n    })",
              "err": {},
              "uuid": "707b01ec-c772-4910-a548-d8bd74f673fd",
              "parentUUID": "9e8ebd33-fcb4-4d7a-93f2-204ba3d63565",
              "isHook": false,
              "skipped": false
            },
            {
              "title": "should return error authenticated",
              "fullTitle": "Testing toberumanAPI managing: CHAI + REST should return error authenticated",
              "timedOut": false,
              "duration": 4,
              "state": "passed",
              "speed": "fast",
              "pass": true,
              "fail": false,
              "pending": false,
              "context": null,
              "code": "chai.request(url)\n    .post(\"/auth\")\n    .send({dni: '88fd88', password: 'testdduser'})\n    .end(function (err,res) {\n        expect(res).to.have.status((httpCodes.codes.NOTFOUND));\n        expect(res.body).to.have.property('message',res.body.message);\n        done();\n    })",
              "err": {},
              "uuid": "39cfd2ea-0187-492f-9684-e7765f7288a7",
              "parentUUID": "9e8ebd33-fcb4-4d7a-93f2-204ba3d63565",
              "isHook": false,
              "skipped": false
            },
            {
              "title": "should return an ToberumanApi message",
              "fullTitle": "Testing toberumanAPI managing: CHAI + REST should return an ToberumanApi message",
              "timedOut": false,
              "duration": 3,
              "state": "passed",
              "speed": "fast",
              "pass": true,
              "fail": false,
              "pending": false,
              "context": null,
              "code": "chai.request(url)\n    .get(\"/\")\n    .end(function(err, res){\n        expect(res).to.have.status(httpCodes.codes.OK);\n        expect(res.body).to.have.property('message','Bienvenido a Toberuman API Rest');\n        done();\n    });",
              "err": {},
              "uuid": "4b0348ef-9457-43de-9230-9a83dbae0c66",
              "parentUUID": "9e8ebd33-fcb4-4d7a-93f2-204ba3d63565",
              "isHook": false,
              "skipped": false
            },
            {
              "title": "should return an array of users",
              "fullTitle": "Testing toberumanAPI managing: CHAI + REST should return an array of users",
              "timedOut": false,
              "duration": 4,
              "state": "passed",
              "speed": "fast",
              "pass": true,
              "fail": false,
              "pending": false,
              "context": null,
              "code": "chai.request(url)\n    .get(\"/users\")\n    .end(function (err,res) {\n        expect(res).to.have.status(httpCodes.codes.OK);\n        expect(res.body).to.be.a('array');\n        done();\n    });",
              "err": {},
              "uuid": "7f82498d-dfac-40a7-bc6b-7f81d4e49010",
              "parentUUID": "9e8ebd33-fcb4-4d7a-93f2-204ba3d63565",
              "isHook": false,
              "skipped": false
            },
            {
              "title": "should create a new user",
              "fullTitle": "Testing toberumanAPI managing: CHAI + REST should create a new user",
              "timedOut": false,
              "duration": 65,
              "state": "passed",
              "speed": "medium",
              "pass": true,
              "fail": false,
              "pending": false,
              "context": null,
              "code": "chai.request(url)\n    .post(\"/users\")\n    .set('Authorization', token)\n    .send({name: \"usuarioprueba\",email: \"prueba2@prueba.com\",dni:\"0315649866\",password: \"hola12345\"})\n    .end(function (err,res) {\n        expect(res).to.have.status(httpCodes.codes.CREATED);\n        expect(res.body).to.be.a('object');\n        id = res.body._id;\n        done();\n    });",
              "err": {},
              "uuid": "a437b1e4-81ac-4225-bf48-e66ba98f94a0",
              "parentUUID": "9e8ebd33-fcb4-4d7a-93f2-204ba3d63565",
              "isHook": false,
              "skipped": false
            },
            {
              "title": "should return a conflict with the new user",
              "fullTitle": "Testing toberumanAPI managing: CHAI + REST should return a conflict with the new user",
              "timedOut": false,
              "duration": 4,
              "state": "passed",
              "speed": "fast",
              "pass": true,
              "fail": false,
              "pending": false,
              "context": null,
              "code": "chai.request(url)\n    .post(\"/users\")\n    .set('Authorization', token)\n    .send({name: \"usuarioprueba\",email: \"prueba2@prueba.com\",dni:\"0315649866\",password: \"hola12345\"})\n    .end(function (err,res) {\n        expect(res).to.have.status(httpCodes.codes.CONFLICT);\n        done();\n    });",
              "err": {},
              "uuid": "801c084a-ce14-4da2-add2-fca26616980e",
              "parentUUID": "9e8ebd33-fcb4-4d7a-93f2-204ba3d63565",
              "isHook": false,
              "skipped": false
            },
            {
              "title": "should get an specific user",
              "fullTitle": "Testing toberumanAPI managing: CHAI + REST should get an specific user",
              "timedOut": false,
              "duration": 4,
              "state": "passed",
              "speed": "fast",
              "pass": true,
              "fail": false,
              "pending": false,
              "context": null,
              "code": "chai.request(url)\n    .get(\"/users/\"+id)\n    .set('Authorization', token)\n    .end(function (err,res){\n        expect(res).to.have.status(httpCodes.codes.OK);\n        expect(res.body).to.have.property('name','usuarioprueba');\n        done();\n    });",
              "err": {},
              "uuid": "791c5602-0b6a-48d6-8c6e-a1f773316f60",
              "parentUUID": "9e8ebd33-fcb4-4d7a-93f2-204ba3d63565",
              "isHook": false,
              "skipped": false
            },
            {
              "title": "should get an specific user and dont found",
              "fullTitle": "Testing toberumanAPI managing: CHAI + REST should get an specific user and dont found",
              "timedOut": false,
              "duration": 3,
              "state": "passed",
              "speed": "fast",
              "pass": true,
              "fail": false,
              "pending": false,
              "context": null,
              "code": "chai.request(url)\n    .get(\"/users/5ebd84e9f6dab12345678dfd\")\n    .set('Authorization', token)\n    .end(function (err,res){\n        expect(res).to.have.status(httpCodes.codes.NOTFOUND);\n        done();\n    });",
              "err": {},
              "uuid": "2ec2f376-eb31-449c-88e1-0359df9248c6",
              "parentUUID": "9e8ebd33-fcb4-4d7a-93f2-204ba3d63565",
              "isHook": false,
              "skipped": false
            },
            {
              "title": "should update an user",
              "fullTitle": "Testing toberumanAPI managing: CHAI + REST should update an user",
              "timedOut": false,
              "duration": 3,
              "state": "passed",
              "speed": "fast",
              "pass": true,
              "fail": false,
              "pending": false,
              "context": null,
              "code": "chai.request(url)\n    .put(\"/users/\"+id)\n    .set('Authorization', token)\n    .send({name: \"usuariopruebaUPD\",email: \"prueba2@prueba.com\",dni:\"0315649466\"})\n    .end(function(err,res) {\n        expect(res).to.have.status(httpCodes.codes.NOCONTENT);\n        expect(res.body).to.be.empty;\n        done();\n    });",
              "err": {},
              "uuid": "9492bc82-ea22-4149-80cc-8af15129be72",
              "parentUUID": "9e8ebd33-fcb4-4d7a-93f2-204ba3d63565",
              "isHook": false,
              "skipped": false
            },
            {
              "title": "should delete a user",
              "fullTitle": "Testing toberumanAPI managing: CHAI + REST should delete a user",
              "timedOut": false,
              "duration": 3,
              "state": "passed",
              "speed": "fast",
              "pass": true,
              "fail": false,
              "pending": false,
              "context": null,
              "code": "chai.request(url)\n    .delete(\"/users/\"+id)\n    .set('Authorization', token)\n    .end(function(err,res) {\n        expect(res).to.have.status(httpCodes.codes.OK);\n        done();\n    })",
              "err": {},
              "uuid": "db50d3f7-dc55-4749-9dce-6ae9e8fa837d",
              "parentUUID": "9e8ebd33-fcb4-4d7a-93f2-204ba3d63565",
              "isHook": false,
              "skipped": false
            }
          ],
          "suites": [],
          "passes": [
            "707b01ec-c772-4910-a548-d8bd74f673fd",
            "39cfd2ea-0187-492f-9684-e7765f7288a7",
            "4b0348ef-9457-43de-9230-9a83dbae0c66",
            "7f82498d-dfac-40a7-bc6b-7f81d4e49010",
            "a437b1e4-81ac-4225-bf48-e66ba98f94a0",
            "801c084a-ce14-4da2-add2-fca26616980e",
            "791c5602-0b6a-48d6-8c6e-a1f773316f60",
            "2ec2f376-eb31-449c-88e1-0359df9248c6",
            "9492bc82-ea22-4149-80cc-8af15129be72",
            "db50d3f7-dc55-4749-9dce-6ae9e8fa837d"
          ],
          "failures": [],
          "pending": [],
          "skipped": [],
          "duration": 156,
          "root": false,
          "rootEmpty": false,
          "_timeout": 2000
        }
      ],
      "passes": [],
      "failures": [],
      "pending": [],
      "skipped": [],
      "duration": 0,
      "root": true,
      "rootEmpty": true,
      "_timeout": 2000
    }
  ],
  "meta": {
    "mocha": {
      "version": "7.1.2"
    },
    "mochawesome": {
      "options": {
        "quiet": false,
        "reportFilename": "mochawesome",
        "saveHtml": true,
        "saveJson": true,
        "consoleReporter": "spec",
        "useInlineDiffs": false,
        "code": true
      },
      "version": "6.1.1"
    },
    "marge": {
      "options": null,
      "version": "5.1.0"
    }
  }
}