{
  "stats": {
    "suites": 1,
    "tests": 10,
    "passes": 10,
    "pending": 0,
    "failures": 0,
    "start": "2020-05-19T15:35:52.881Z",
    "end": "2020-05-19T15:35:53.078Z",
    "duration": 197,
    "testsRegistered": 10,
    "passPercent": 100,
    "pendingPercent": 0,
    "other": 0,
    "hasOther": false,
    "skipped": 0,
    "hasSkipped": false
  },
  "results": [
    {
      "uuid": "4eb0e3ba-1e51-4ac6-a9fa-a0e58f44789d",
      "title": "",
      "fullFile": "",
      "file": "",
      "beforeHooks": [],
      "afterHooks": [],
      "tests": [],
      "suites": [
        {
          "uuid": "3143a889-c30a-4e06-82f8-3766d8b8d09d",
          "title": "Testing toberumanAPI managing: CHAI + REST",
          "fullFile": "C:\\Users\\Steven\\Documents\\TFM - MIW\\ToberuMan - BackEnd\\toberumanapi\\test\\testUserRestApi.js",
          "file": "\\test\\testUserRestApi.js",
          "beforeHooks": [],
          "afterHooks": [],
          "tests": [
            {
              "title": "should return token",
              "fullTitle": "Testing toberumanAPI managing: CHAI + REST should return token",
              "timedOut": false,
              "duration": 88,
              "state": "passed",
              "speed": "slow",
              "pass": true,
              "fail": false,
              "pending": false,
              "context": null,
              "code": "chai.request(url)\n    .post(\"/auth\")\n    .send({dni: '8888', password: 'testuser'})\n    .end(function (err,res) {\n        expect(res).to.have.status((httpCodes.codes.OK));\n        expect(res.body).to.have.property('token',res.body.token);\n        token = res.body.token;\n        done();\n    })",
              "err": {},
              "uuid": "80190931-b3fe-4772-8f45-2150e97ed6fe",
              "parentUUID": "3143a889-c30a-4e06-82f8-3766d8b8d09d",
              "isHook": false,
              "skipped": false
            },
            {
              "title": "should return error authenticated",
              "fullTitle": "Testing toberumanAPI managing: CHAI + REST should return error authenticated",
              "timedOut": false,
              "duration": 8,
              "state": "passed",
              "speed": "fast",
              "pass": true,
              "fail": false,
              "pending": false,
              "context": null,
              "code": "chai.request(url)\n    .post(\"/auth\")\n    .send({dni: '88fd88', password: 'testdduser'})\n    .end(function (err,res) {\n        expect(res).to.have.status((httpCodes.codes.NOTFOUND));\n        expect(res.body).to.have.property('message',res.body.message);\n        done();\n    })",
              "err": {},
              "uuid": "8310014c-e684-4a28-9728-52242426274a",
              "parentUUID": "3143a889-c30a-4e06-82f8-3766d8b8d09d",
              "isHook": false,
              "skipped": false
            },
            {
              "title": "should return an ToberumanApi message",
              "fullTitle": "Testing toberumanAPI managing: CHAI + REST should return an ToberumanApi message",
              "timedOut": false,
              "duration": 4,
              "state": "passed",
              "speed": "fast",
              "pass": true,
              "fail": false,
              "pending": false,
              "context": null,
              "code": "chai.request(url)\n    .get(\"/\")\n    .end(function(err, res){\n        expect(res).to.have.status(httpCodes.codes.OK);\n        expect(res.body).to.have.property('message','Bienvenido a Toberuman API Rest');\n        done();\n    });",
              "err": {},
              "uuid": "f8ce1c8a-498d-4132-8f11-1b43d48d244a",
              "parentUUID": "3143a889-c30a-4e06-82f8-3766d8b8d09d",
              "isHook": false,
              "skipped": false
            },
            {
              "title": "should return an array of users",
              "fullTitle": "Testing toberumanAPI managing: CHAI + REST should return an array of users",
              "timedOut": false,
              "duration": 4,
              "state": "passed",
              "speed": "fast",
              "pass": true,
              "fail": false,
              "pending": false,
              "context": null,
              "code": "chai.request(url)\n    .get(\"/users\")\n    .end(function (err,res) {\n        expect(res).to.have.status(httpCodes.codes.OK);\n        expect(res.body).to.be.a('array');\n        done();\n    });",
              "err": {},
              "uuid": "0f577448-5225-4de1-8ea0-1ff0b500d864",
              "parentUUID": "3143a889-c30a-4e06-82f8-3766d8b8d09d",
              "isHook": false,
              "skipped": false
            },
            {
              "title": "should create a new user",
              "fullTitle": "Testing toberumanAPI managing: CHAI + REST should create a new user",
              "timedOut": false,
              "duration": 65,
              "state": "passed",
              "speed": "medium",
              "pass": true,
              "fail": false,
              "pending": false,
              "context": null,
              "code": "chai.request(url)\n    .post(\"/users\")\n    .set('Authorization', token)\n    .send({name: \"usuarioprueba\",email: \"prueba2@prueba.com\",dni:\"0315649866\",password: \"hola12345\"})\n    .end(function (err,res) {\n        expect(res).to.have.status(httpCodes.codes.CREATED);\n        expect(res.body).to.be.a('object');\n        id = res.body._id;\n        done();\n    });",
              "err": {},
              "uuid": "f2c07595-16d9-497d-9966-c899d8e4c85b",
              "parentUUID": "3143a889-c30a-4e06-82f8-3766d8b8d09d",
              "isHook": false,
              "skipped": false
            },
            {
              "title": "should return a conflict with the new user",
              "fullTitle": "Testing toberumanAPI managing: CHAI + REST should return a conflict with the new user",
              "timedOut": false,
              "duration": 5,
              "state": "passed",
              "speed": "fast",
              "pass": true,
              "fail": false,
              "pending": false,
              "context": null,
              "code": "chai.request(url)\n    .post(\"/users\")\n    .set('Authorization', token)\n    .send({name: \"usuarioprueba\",email: \"prueba2@prueba.com\",dni:\"0315649866\",password: \"hola12345\"})\n    .end(function (err,res) {\n        expect(res).to.have.status(httpCodes.codes.CONFLICT);\n        done();\n    });",
              "err": {},
              "uuid": "86d28cdc-60f0-4fa1-adf2-96f03772c8e7",
              "parentUUID": "3143a889-c30a-4e06-82f8-3766d8b8d09d",
              "isHook": false,
              "skipped": false
            },
            {
              "title": "should get an specific user",
              "fullTitle": "Testing toberumanAPI managing: CHAI + REST should get an specific user",
              "timedOut": false,
              "duration": 3,
              "state": "passed",
              "speed": "fast",
              "pass": true,
              "fail": false,
              "pending": false,
              "context": null,
              "code": "chai.request(url)\n    .get(\"/users/\"+id)\n    .set('Authorization', token)\n    .end(function (err,res){\n        expect(res).to.have.status(httpCodes.codes.OK);\n        expect(res.body).to.have.property('name','usuarioprueba');\n        done();\n    });",
              "err": {},
              "uuid": "1d478ecb-196a-47c1-bdca-be0556c073d7",
              "parentUUID": "3143a889-c30a-4e06-82f8-3766d8b8d09d",
              "isHook": false,
              "skipped": false
            },
            {
              "title": "should get an specific user and dont found",
              "fullTitle": "Testing toberumanAPI managing: CHAI + REST should get an specific user and dont found",
              "timedOut": false,
              "duration": 3,
              "state": "passed",
              "speed": "fast",
              "pass": true,
              "fail": false,
              "pending": false,
              "context": null,
              "code": "chai.request(url)\n    .get(\"/users/5ebd84e9f6dab12345678dfd\")\n    .set('Authorization', token)\n    .end(function (err,res){\n        expect(res).to.have.status(httpCodes.codes.NOTFOUND);\n        done();\n    });",
              "err": {},
              "uuid": "2e665c78-bf96-4afc-8645-32a241f6e3a0",
              "parentUUID": "3143a889-c30a-4e06-82f8-3766d8b8d09d",
              "isHook": false,
              "skipped": false
            },
            {
              "title": "should update an user",
              "fullTitle": "Testing toberumanAPI managing: CHAI + REST should update an user",
              "timedOut": false,
              "duration": 3,
              "state": "passed",
              "speed": "fast",
              "pass": true,
              "fail": false,
              "pending": false,
              "context": null,
              "code": "chai.request(url)\n    .put(\"/users/\"+id)\n    .set('Authorization', token)\n    .send({name: \"usuariopruebaUPD\",email: \"prueba2@prueba.com\",dni:\"0315649466\"})\n    .end(function(err,res) {\n        expect(res).to.have.status(httpCodes.codes.NOCONTENT);\n        expect(res.body).to.be.empty;\n        done();\n    });",
              "err": {},
              "uuid": "15f5219d-1b11-42e2-977d-b766a188c59d",
              "parentUUID": "3143a889-c30a-4e06-82f8-3766d8b8d09d",
              "isHook": false,
              "skipped": false
            },
            {
              "title": "should delete a user",
              "fullTitle": "Testing toberumanAPI managing: CHAI + REST should delete a user",
              "timedOut": false,
              "duration": 4,
              "state": "passed",
              "speed": "fast",
              "pass": true,
              "fail": false,
              "pending": false,
              "context": null,
              "code": "chai.request(url)\n    .delete(\"/users/\"+id)\n    .set('Authorization', token)\n    .end(function(err,res) {\n        expect(res).to.have.status(httpCodes.codes.OK);\n        done();\n    })",
              "err": {},
              "uuid": "eb28a832-ed22-4d6e-bb99-9f15274d78a3",
              "parentUUID": "3143a889-c30a-4e06-82f8-3766d8b8d09d",
              "isHook": false,
              "skipped": false
            }
          ],
          "suites": [],
          "passes": [
            "80190931-b3fe-4772-8f45-2150e97ed6fe",
            "8310014c-e684-4a28-9728-52242426274a",
            "f8ce1c8a-498d-4132-8f11-1b43d48d244a",
            "0f577448-5225-4de1-8ea0-1ff0b500d864",
            "f2c07595-16d9-497d-9966-c899d8e4c85b",
            "86d28cdc-60f0-4fa1-adf2-96f03772c8e7",
            "1d478ecb-196a-47c1-bdca-be0556c073d7",
            "2e665c78-bf96-4afc-8645-32a241f6e3a0",
            "15f5219d-1b11-42e2-977d-b766a188c59d",
            "eb28a832-ed22-4d6e-bb99-9f15274d78a3"
          ],
          "failures": [],
          "pending": [],
          "skipped": [],
          "duration": 187,
          "root": false,
          "rootEmpty": false,
          "_timeout": 2000
        }
      ],
      "passes": [],
      "failures": [],
      "pending": [],
      "skipped": [],
      "duration": 0,
      "root": true,
      "rootEmpty": true,
      "_timeout": 2000
    }
  ],
  "meta": {
    "mocha": {
      "version": "7.1.2"
    },
    "mochawesome": {
      "options": {
        "quiet": false,
        "reportFilename": "mochawesome",
        "saveHtml": true,
        "saveJson": true,
        "consoleReporter": "spec",
        "useInlineDiffs": false,
        "code": true
      },
      "version": "6.1.1"
    },
    "marge": {
      "options": null,
      "version": "5.1.0"
    }
  }
}